[INFO ] 2021-05-16 20:08:27.203 [main] WebMvcTestContextBootstrapper (305) - Neither @ContextConfiguration nor @ContextHierarchy found for test class [com.SafetyNet.api.controller.PersonControllerTest], using SpringBootContextLoader
[INFO ] 2021-05-16 20:08:27.234 [main] AbstractContextLoader (264) - Could not detect default resource locations for test class [com.SafetyNet.api.controller.PersonControllerTest]: no resource found for suffixes {-context.xml, Context.groovy}.
[INFO ] 2021-05-16 20:08:27.237 [main] AnnotationConfigContextLoaderUtils (83) - Could not detect default configuration classes for test class [com.SafetyNet.api.controller.PersonControllerTest]: PersonControllerTest does not declare any static, non-private, non-final, nested classes annotated with @Configuration.
[INFO ] 2021-05-16 20:08:27.746 [main] SpringBootTestContextBootstrapper (238) - Found @SpringBootConfiguration com.SafetyNet.api.ApiApplication for test class com.SafetyNet.api.controller.PersonControllerTest
[INFO ] 2021-05-16 20:08:27.755 [main] WebMvcTestContextBootstrapper (245) - Loaded default TestExecutionListener class names from location [META-INF/spring.factories]: [org.springframework.boot.test.mock.mockito.MockitoTestExecutionListener, org.springframework.boot.test.mock.mockito.ResetMocksTestExecutionListener, org.springframework.boot.test.autoconfigure.restdocs.RestDocsTestExecutionListener, org.springframework.boot.test.autoconfigure.web.client.MockRestServiceServerResetTestExecutionListener, org.springframework.boot.test.autoconfigure.web.servlet.MockMvcPrintOnlyOnFailureTestExecutionListener, org.springframework.boot.test.autoconfigure.web.servlet.WebDriverTestExecutionListener, org.springframework.boot.test.autoconfigure.webservices.client.MockWebServiceServerTestExecutionListener, org.springframework.test.context.web.ServletTestExecutionListener, org.springframework.test.context.support.DirtiesContextBeforeModesTestExecutionListener, org.springframework.test.context.event.ApplicationEventsTestExecutionListener, org.springframework.test.context.support.DependencyInjectionTestExecutionListener, org.springframework.test.context.support.DirtiesContextTestExecutionListener, org.springframework.test.context.transaction.TransactionalTestExecutionListener, org.springframework.test.context.jdbc.SqlScriptsTestExecutionListener, org.springframework.test.context.event.EventPublishingTestExecutionListener]
[INFO ] 2021-05-16 20:08:27.831 [main] WebMvcTestContextBootstrapper (174) - Using TestExecutionListeners: [org.springframework.test.context.web.ServletTestExecutionListener@43076326, org.springframework.test.context.support.DirtiesContextBeforeModesTestExecutionListener@29244152, org.springframework.test.context.event.ApplicationEventsTestExecutionListener@1b81a499, org.springframework.boot.test.mock.mockito.MockitoTestExecutionListener@53dfb073, org.springframework.boot.test.autoconfigure.SpringBootDependencyInjectionTestExecutionListener@2b39e77d, org.springframework.test.context.support.DirtiesContextTestExecutionListener@201c1d99, org.springframework.test.context.transaction.TransactionalTestExecutionListener@36afd06f, org.springframework.test.context.jdbc.SqlScriptsTestExecutionListener@18dda2e1, org.springframework.test.context.event.EventPublishingTestExecutionListener@7c3bac88, org.springframework.boot.test.mock.mockito.ResetMocksTestExecutionListener@3c0b9643, org.springframework.boot.test.autoconfigure.restdocs.RestDocsTestExecutionListener@746f1505, org.springframework.boot.test.autoconfigure.web.client.MockRestServiceServerResetTestExecutionListener@1507bc3, org.springframework.boot.test.autoconfigure.web.servlet.MockMvcPrintOnlyOnFailureTestExecutionListener@202ed88d, org.springframework.boot.test.autoconfigure.web.servlet.WebDriverTestExecutionListener@40f7fb45, org.springframework.boot.test.autoconfigure.webservices.client.MockWebServiceServerTestExecutionListener@4c3c1963]
[INFO ] 2021-05-16 20:08:28.162 [main] WebMvcTestContextBootstrapper (305) - Neither @ContextConfiguration nor @ContextHierarchy found for test class [com.SafetyNet.api.controller.PersonControllerTest], using SpringBootContextLoader
[INFO ] 2021-05-16 20:08:28.166 [main] AbstractContextLoader (264) - Could not detect default resource locations for test class [com.SafetyNet.api.controller.PersonControllerTest]: no resource found for suffixes {-context.xml, Context.groovy}.
[INFO ] 2021-05-16 20:08:28.167 [main] AnnotationConfigContextLoaderUtils (83) - Could not detect default configuration classes for test class [com.SafetyNet.api.controller.PersonControllerTest]: PersonControllerTest does not declare any static, non-private, non-final, nested classes annotated with @Configuration.
[INFO ] 2021-05-16 20:08:28.181 [main] SpringBootTestContextBootstrapper (238) - Found @SpringBootConfiguration com.SafetyNet.api.ApiApplication for test class com.SafetyNet.api.controller.PersonControllerTest
[INFO ] 2021-05-16 20:08:28.190 [main] WebMvcTestContextBootstrapper (245) - Loaded default TestExecutionListener class names from location [META-INF/spring.factories]: [org.springframework.boot.test.mock.mockito.MockitoTestExecutionListener, org.springframework.boot.test.mock.mockito.ResetMocksTestExecutionListener, org.springframework.boot.test.autoconfigure.restdocs.RestDocsTestExecutionListener, org.springframework.boot.test.autoconfigure.web.client.MockRestServiceServerResetTestExecutionListener, org.springframework.boot.test.autoconfigure.web.servlet.MockMvcPrintOnlyOnFailureTestExecutionListener, org.springframework.boot.test.autoconfigure.web.servlet.WebDriverTestExecutionListener, org.springframework.boot.test.autoconfigure.webservices.client.MockWebServiceServerTestExecutionListener, org.springframework.test.context.web.ServletTestExecutionListener, org.springframework.test.context.support.DirtiesContextBeforeModesTestExecutionListener, org.springframework.test.context.event.ApplicationEventsTestExecutionListener, org.springframework.test.context.support.DependencyInjectionTestExecutionListener, org.springframework.test.context.support.DirtiesContextTestExecutionListener, org.springframework.test.context.transaction.TransactionalTestExecutionListener, org.springframework.test.context.jdbc.SqlScriptsTestExecutionListener, org.springframework.test.context.event.EventPublishingTestExecutionListener]
[INFO ] 2021-05-16 20:08:28.194 [main] WebMvcTestContextBootstrapper (174) - Using TestExecutionListeners: [org.springframework.test.context.web.ServletTestExecutionListener@28fdce67, org.springframework.test.context.support.DirtiesContextBeforeModesTestExecutionListener@24c9a52a, org.springframework.test.context.event.ApplicationEventsTestExecutionListener@55105271, org.springframework.boot.test.mock.mockito.MockitoTestExecutionListener@126a8548, org.springframework.boot.test.autoconfigure.SpringBootDependencyInjectionTestExecutionListener@54a2ff94, org.springframework.test.context.support.DirtiesContextTestExecutionListener@3d2be0df, org.springframework.test.context.transaction.TransactionalTestExecutionListener@6affbed1, org.springframework.test.context.jdbc.SqlScriptsTestExecutionListener@2cf93603, org.springframework.test.context.event.EventPublishingTestExecutionListener@6fe43257, org.springframework.boot.test.mock.mockito.ResetMocksTestExecutionListener@dab0a6c, org.springframework.boot.test.autoconfigure.restdocs.RestDocsTestExecutionListener@1a35343e, org.springframework.boot.test.autoconfigure.web.client.MockRestServiceServerResetTestExecutionListener@7f994055, org.springframework.boot.test.autoconfigure.web.servlet.MockMvcPrintOnlyOnFailureTestExecutionListener@31a1b37b, org.springframework.boot.test.autoconfigure.web.servlet.WebDriverTestExecutionListener@640c2749, org.springframework.boot.test.autoconfigure.webservices.client.MockWebServiceServerTestExecutionListener@57ab7b32]
[INFO ] 2021-05-16 20:08:28.475 [main] SpringBootTestContextBootstrapper (305) - Neither @ContextConfiguration nor @ContextHierarchy found for test class [com.SafetyNet.api.ApiApplicationTests], using SpringBootContextLoader
[INFO ] 2021-05-16 20:08:28.478 [main] AbstractContextLoader (264) - Could not detect default resource locations for test class [com.SafetyNet.api.ApiApplicationTests]: no resource found for suffixes {-context.xml, Context.groovy}.
[INFO ] 2021-05-16 20:08:28.483 [main] AnnotationConfigContextLoaderUtils (83) - Could not detect default configuration classes for test class [com.SafetyNet.api.ApiApplicationTests]: ApiApplicationTests does not declare any static, non-private, non-final, nested classes annotated with @Configuration.
[INFO ] 2021-05-16 20:08:28.511 [main] SpringBootTestContextBootstrapper (238) - Found @SpringBootConfiguration com.SafetyNet.api.ApiApplication for test class com.SafetyNet.api.ApiApplicationTests
[INFO ] 2021-05-16 20:08:28.951 [main] SpringBootTestContextBootstrapper (245) - Loaded default TestExecutionListener class names from location [META-INF/spring.factories]: [org.springframework.boot.test.mock.mockito.MockitoTestExecutionListener, org.springframework.boot.test.mock.mockito.ResetMocksTestExecutionListener, org.springframework.boot.test.autoconfigure.restdocs.RestDocsTestExecutionListener, org.springframework.boot.test.autoconfigure.web.client.MockRestServiceServerResetTestExecutionListener, org.springframework.boot.test.autoconfigure.web.servlet.MockMvcPrintOnlyOnFailureTestExecutionListener, org.springframework.boot.test.autoconfigure.web.servlet.WebDriverTestExecutionListener, org.springframework.boot.test.autoconfigure.webservices.client.MockWebServiceServerTestExecutionListener, org.springframework.test.context.web.ServletTestExecutionListener, org.springframework.test.context.support.DirtiesContextBeforeModesTestExecutionListener, org.springframework.test.context.event.ApplicationEventsTestExecutionListener, org.springframework.test.context.support.DependencyInjectionTestExecutionListener, org.springframework.test.context.support.DirtiesContextTestExecutionListener, org.springframework.test.context.transaction.TransactionalTestExecutionListener, org.springframework.test.context.jdbc.SqlScriptsTestExecutionListener, org.springframework.test.context.event.EventPublishingTestExecutionListener]
[INFO ] 2021-05-16 20:08:28.971 [main] SpringBootTestContextBootstrapper (174) - Using TestExecutionListeners: [org.springframework.test.context.web.ServletTestExecutionListener@11101f62, org.springframework.test.context.support.DirtiesContextBeforeModesTestExecutionListener@3fd64d6b, org.springframework.test.context.event.ApplicationEventsTestExecutionListener@2f9a7d6f, org.springframework.boot.test.mock.mockito.MockitoTestExecutionListener@3f96ef2, org.springframework.boot.test.autoconfigure.SpringBootDependencyInjectionTestExecutionListener@12039ae0, org.springframework.test.context.support.DirtiesContextTestExecutionListener@1fb320de, org.springframework.test.context.transaction.TransactionalTestExecutionListener@633e4742, org.springframework.test.context.jdbc.SqlScriptsTestExecutionListener@2bf83b29, org.springframework.test.context.event.EventPublishingTestExecutionListener@25a2702c, org.springframework.boot.test.mock.mockito.ResetMocksTestExecutionListener@23110196, org.springframework.boot.test.autoconfigure.restdocs.RestDocsTestExecutionListener@328446e1, org.springframework.boot.test.autoconfigure.web.client.MockRestServiceServerResetTestExecutionListener@584f12eb, org.springframework.boot.test.autoconfigure.web.servlet.MockMvcPrintOnlyOnFailureTestExecutionListener@6eda3ade, org.springframework.boot.test.autoconfigure.web.servlet.WebDriverTestExecutionListener@45ec9b22, org.springframework.boot.test.autoconfigure.webservices.client.MockWebServiceServerTestExecutionListener@554f6e30]
[DEBUG] 2021-05-16 20:08:29.860 [main] GenericWebApplicationContext (629) - Refreshing org.springframework.web.context.support.GenericWebApplicationContext@eefc1bf
[INFO ] 2021-05-16 20:08:31.817 [main] RepositoryConfigurationDelegate (128) - Bootstrapping Spring Data JPA repositories in DEFAULT mode.
[INFO ] 2021-05-16 20:08:31.862 [main] RepositoryConfigurationDelegate (188) - Finished Spring Data repository scanning in 30 ms. Found 0 JPA repository interfaces.
[INFO ] 2021-05-16 20:08:33.607 [main] HikariDataSource (110) - HikariPool-1 - Starting...
[INFO ] 2021-05-16 20:08:34.384 [main] HikariDataSource (123) - HikariPool-1 - Start completed.
[INFO ] 2021-05-16 20:08:34.590 [main] LogHelper (31) - HHH000204: Processing PersistenceUnitInfo [name: default]
[INFO ] 2021-05-16 20:08:34.791 [main] Version (44) - HHH000412: Hibernate ORM core version 5.4.29.Final
[INFO ] 2021-05-16 20:08:35.189 [main] Version (56) - HCANN000001: Hibernate Commons Annotations {5.1.2.Final}
[INFO ] 2021-05-16 20:08:35.686 [main] Dialect (175) - HHH000400: Using dialect: org.hibernate.dialect.H2Dialect
[INFO ] 2021-05-16 20:08:36.480 [main] JtaPlatformInitiator (52) - HHH000490: Using JtaPlatform implementation: [org.hibernate.engine.transaction.jta.platform.internal.NoJtaPlatform]
[INFO ] 2021-05-16 20:08:36.538 [main] LocalContainerEntityManagerFactoryBean (437) - Initialized JPA EntityManagerFactory for persistence unit 'default'
[WARN ] 2021-05-16 20:08:37.662 [main] JpaBaseConfiguration$JpaWebConfiguration (221) - spring.jpa.open-in-view is enabled by default. Therefore, database queries may be performed during view rendering. Explicitly configure spring.jpa.open-in-view to disable this warning
[INFO ] 2021-05-16 20:08:38.585 [main] ThreadPoolTaskExecutor (181) - Initializing ExecutorService 'applicationTaskExecutor'
[DEBUG] 2021-05-16 20:08:38.632 [main] RequestMappingHandlerAdapter (625) - ControllerAdvice beans: 0 @ModelAttribute, 0 @InitBinder, 1 RequestBodyAdvice, 1 ResponseBodyAdvice
[INFO ] 2021-05-16 20:08:38.769 [main] H2ConsoleAutoConfiguration (68) - H2 console available at '/h2-console'. Database available at 'jdbc:h2:mem:da42e41f-b0ff-4897-9758-bbdff9b48ce1'
[DEBUG] 2021-05-16 20:08:38.953 [main] RequestMappingHandlerMapping (361) - 23 mappings in 'requestMappingHandlerMapping'
[DEBUG] 2021-05-16 20:08:39.096 [main] SimpleUrlHandlerMapping (188) - Patterns [/webjars/**, /**] in 'resourceHandlerMapping'
[DEBUG] 2021-05-16 20:08:39.152 [main] ExceptionHandlerExceptionResolver (307) - ControllerAdvice beans: 0 @ExceptionHandler, 1 ResponseBodyAdvice
[INFO ] 2021-05-16 20:08:40.132 [main] EndpointLinksResolver (58) - Exposing 4 endpoint(s) beneath base path '/actuator'
[INFO ] 2021-05-16 20:08:40.713 [main] WebMvcTestContextBootstrapper (305) - Neither @ContextConfiguration nor @ContextHierarchy found for test class [com.SafetyNet.api.controller.EndpointsURLsControllerTest], using SpringBootContextLoader
[INFO ] 2021-05-16 20:08:40.715 [main] AbstractContextLoader (264) - Could not detect default resource locations for test class [com.SafetyNet.api.controller.EndpointsURLsControllerTest]: no resource found for suffixes {-context.xml, Context.groovy}.
[INFO ] 2021-05-16 20:08:40.716 [main] AnnotationConfigContextLoaderUtils (83) - Could not detect default configuration classes for test class [com.SafetyNet.api.controller.EndpointsURLsControllerTest]: EndpointsURLsControllerTest does not declare any static, non-private, non-final, nested classes annotated with @Configuration.
[INFO ] 2021-05-16 20:08:40.723 [main] SpringBootTestContextBootstrapper (238) - Found @SpringBootConfiguration com.SafetyNet.api.ApiApplication for test class com.SafetyNet.api.controller.EndpointsURLsControllerTest
[INFO ] 2021-05-16 20:08:40.725 [main] WebMvcTestContextBootstrapper (245) - Loaded default TestExecutionListener class names from location [META-INF/spring.factories]: [org.springframework.boot.test.mock.mockito.MockitoTestExecutionListener, org.springframework.boot.test.mock.mockito.ResetMocksTestExecutionListener, org.springframework.boot.test.autoconfigure.restdocs.RestDocsTestExecutionListener, org.springframework.boot.test.autoconfigure.web.client.MockRestServiceServerResetTestExecutionListener, org.springframework.boot.test.autoconfigure.web.servlet.MockMvcPrintOnlyOnFailureTestExecutionListener, org.springframework.boot.test.autoconfigure.web.servlet.WebDriverTestExecutionListener, org.springframework.boot.test.autoconfigure.webservices.client.MockWebServiceServerTestExecutionListener, org.springframework.test.context.web.ServletTestExecutionListener, org.springframework.test.context.support.DirtiesContextBeforeModesTestExecutionListener, org.springframework.test.context.event.ApplicationEventsTestExecutionListener, org.springframework.test.context.support.DependencyInjectionTestExecutionListener, org.springframework.test.context.support.DirtiesContextTestExecutionListener, org.springframework.test.context.transaction.TransactionalTestExecutionListener, org.springframework.test.context.jdbc.SqlScriptsTestExecutionListener, org.springframework.test.context.event.EventPublishingTestExecutionListener]
[INFO ] 2021-05-16 20:08:40.727 [main] WebMvcTestContextBootstrapper (174) - Using TestExecutionListeners: [org.springframework.test.context.web.ServletTestExecutionListener@50367234, org.springframework.test.context.support.DirtiesContextBeforeModesTestExecutionListener@388f2bf9, org.springframework.test.context.event.ApplicationEventsTestExecutionListener@6d14da2c, org.springframework.boot.test.mock.mockito.MockitoTestExecutionListener@5ae8edbe, org.springframework.boot.test.autoconfigure.SpringBootDependencyInjectionTestExecutionListener@39ac9305, org.springframework.test.context.support.DirtiesContextTestExecutionListener@78bdb72a, org.springframework.test.context.transaction.TransactionalTestExecutionListener@33b3c7ab, org.springframework.test.context.jdbc.SqlScriptsTestExecutionListener@2e2b497e, org.springframework.test.context.event.EventPublishingTestExecutionListener@73c2d305, org.springframework.boot.test.mock.mockito.ResetMocksTestExecutionListener@66533eb0, org.springframework.boot.test.autoconfigure.restdocs.RestDocsTestExecutionListener@4bf0334e, org.springframework.boot.test.autoconfigure.web.client.MockRestServiceServerResetTestExecutionListener@3f64f3f7, org.springframework.boot.test.autoconfigure.web.servlet.MockMvcPrintOnlyOnFailureTestExecutionListener@5a5b55e5, org.springframework.boot.test.autoconfigure.web.servlet.WebDriverTestExecutionListener@258246a0, org.springframework.boot.test.autoconfigure.webservices.client.MockWebServiceServerTestExecutionListener@6fa26b1d]
[DEBUG] 2021-05-16 20:08:40.837 [main] GenericWebApplicationContext (629) - Refreshing org.springframework.web.context.support.GenericWebApplicationContext@fe8cad2
[INFO ] 2021-05-16 20:08:42.641 [main] ThreadPoolTaskExecutor (181) - Initializing ExecutorService 'applicationTaskExecutor'
[DEBUG] 2021-05-16 20:08:42.665 [main] RequestMappingHandlerAdapter (625) - ControllerAdvice beans: 0 @ModelAttribute, 0 @InitBinder, 1 RequestBodyAdvice, 1 ResponseBodyAdvice
[DEBUG] 2021-05-16 20:08:42.743 [main] RequestMappingHandlerMapping (361) - 9 mappings in 'requestMappingHandlerMapping'
[DEBUG] 2021-05-16 20:08:42.897 [main] SimpleUrlHandlerMapping (188) - Patterns [/webjars/**, /**] in 'resourceHandlerMapping'
[DEBUG] 2021-05-16 20:08:42.942 [main] ExceptionHandlerExceptionResolver (307) - ControllerAdvice beans: 0 @ExceptionHandler, 1 ResponseBodyAdvice
[INFO ] 2021-05-16 20:08:43.145 [main] SpringBootMockServletContext (455) - Initializing Spring TestDispatcherServlet ''
[INFO ] 2021-05-16 20:08:43.146 [main] TestDispatcherServlet (525) - Initializing Servlet ''
[INFO ] 2021-05-16 20:08:43.149 [main] TestDispatcherServlet (547) - Completed initialization in 2 ms
[DEBUG] 2021-05-16 20:08:43.311 [main] RequestMappingHandlerMapping (522) - Mapped to com.SafetyNet.api.controller.EndpointsUrlController#getPersonsByAddress(String)
[DEBUG] 2021-05-16 20:08:43.426 [main] RequestResponseBodyMethodProcessor (268) - Using 'application/json', given [*/*] and supported [application/json, application/*+json, application/json, application/*+json]
[DEBUG] 2021-05-16 20:08:43.430 [main] RequestResponseBodyMethodProcessor (91) - Writing [[com.SafetyNet.api.dto.PersonByAdressDTO@746834b0]]
[DEBUG] 2021-05-16 20:08:43.633 [main] RequestMappingHandlerMapping (522) - Mapped to com.SafetyNet.api.controller.EndpointsUrlController#getChildrenByAddress(String)
[DEBUG] 2021-05-16 20:08:43.641 [main] RequestResponseBodyMethodProcessor (268) - Using 'application/json', given [*/*] and supported [application/json, application/*+json, application/json, application/*+json]
[DEBUG] 2021-05-16 20:08:43.643 [main] RequestResponseBodyMethodProcessor (91) - Writing [[]]
[DEBUG] 2021-05-16 20:08:43.676 [main] RequestMappingHandlerMapping (522) - Mapped to com.SafetyNet.api.controller.EndpointsUrlController#getPersonsAddressByFirestation(List)
[DEBUG] 2021-05-16 20:08:43.680 [main] RequestResponseBodyMethodProcessor (268) - Using 'application/json', given [*/*] and supported [application/json, application/*+json, application/json, application/*+json]
[DEBUG] 2021-05-16 20:08:43.681 [main] RequestResponseBodyMethodProcessor (91) - Writing [[com.SafetyNet.api.dto.PersonsAddressByFirestationDTO@373024d3]]
[DEBUG] 2021-05-16 20:08:43.715 [main] RequestMappingHandlerMapping (522) - Mapped to com.SafetyNet.api.controller.EndpointsUrlController#getPhoneNumbersByFirestation(int)
[DEBUG] 2021-05-16 20:08:43.743 [main] RequestResponseBodyMethodProcessor (268) - Using 'application/json', given [*/*] and supported [application/json, application/*+json, application/json, application/*+json]
[DEBUG] 2021-05-16 20:08:43.745 [main] RequestResponseBodyMethodProcessor (91) - Writing [com.SafetyNet.api.dto.PhoneAlertByStationNumberDTO@6fff65c7]
[DEBUG] 2021-05-16 20:08:43.773 [main] RequestMappingHandlerMapping (522) - Mapped to com.SafetyNet.api.controller.EndpointsUrlController#getPersonInfoByPerson(String, String)
[DEBUG] 2021-05-16 20:08:43.781 [main] RequestResponseBodyMethodProcessor (268) - Using 'application/json', given [*/*] and supported [application/json, application/*+json, application/json, application/*+json]
[DEBUG] 2021-05-16 20:08:43.783 [main] RequestResponseBodyMethodProcessor (91) - Writing [[]]
[DEBUG] 2021-05-16 20:08:43.815 [main] RequestMappingHandlerMapping (522) - Mapped to com.SafetyNet.api.controller.EndpointsUrlController#getMailsByCity(String)
[DEBUG] 2021-05-16 20:08:43.822 [main] RequestResponseBodyMethodProcessor (268) - Using 'application/json', given [*/*] and supported [application/json, application/*+json, application/json, application/*+json]
[DEBUG] 2021-05-16 20:08:43.824 [main] RequestResponseBodyMethodProcessor (91) - Writing [com.SafetyNet.api.dto.EmailDTO@8574f86]
[DEBUG] 2021-05-16 20:08:43.849 [main] RequestMappingHandlerMapping (522) - Mapped to com.SafetyNet.api.controller.EndpointsUrlController#getPersonsByFirestation(int)
[DEBUG] 2021-05-16 20:08:43.862 [main] RequestResponseBodyMethodProcessor (268) - Using 'application/json', given [*/*] and supported [application/json, application/*+json, application/json, application/*+json]
[DEBUG] 2021-05-16 20:08:43.863 [main] RequestResponseBodyMethodProcessor (91) - Writing [com.SafetyNet.api.dto.PersonByFirestationDTO@6ed659aa]
[INFO ] 2021-05-16 20:08:43.883 [main] WebMvcTestContextBootstrapper (305) - Neither @ContextConfiguration nor @ContextHierarchy found for test class [com.SafetyNet.api.controller.FirestationControllerTest], using SpringBootContextLoader
[INFO ] 2021-05-16 20:08:43.887 [main] AbstractContextLoader (264) - Could not detect default resource locations for test class [com.SafetyNet.api.controller.FirestationControllerTest]: no resource found for suffixes {-context.xml, Context.groovy}.
[INFO ] 2021-05-16 20:08:43.889 [main] AnnotationConfigContextLoaderUtils (83) - Could not detect default configuration classes for test class [com.SafetyNet.api.controller.FirestationControllerTest]: FirestationControllerTest does not declare any static, non-private, non-final, nested classes annotated with @Configuration.
[INFO ] 2021-05-16 20:08:43.900 [main] SpringBootTestContextBootstrapper (238) - Found @SpringBootConfiguration com.SafetyNet.api.ApiApplication for test class com.SafetyNet.api.controller.FirestationControllerTest
[INFO ] 2021-05-16 20:08:43.902 [main] WebMvcTestContextBootstrapper (245) - Loaded default TestExecutionListener class names from location [META-INF/spring.factories]: [org.springframework.boot.test.mock.mockito.MockitoTestExecutionListener, org.springframework.boot.test.mock.mockito.ResetMocksTestExecutionListener, org.springframework.boot.test.autoconfigure.restdocs.RestDocsTestExecutionListener, org.springframework.boot.test.autoconfigure.web.client.MockRestServiceServerResetTestExecutionListener, org.springframework.boot.test.autoconfigure.web.servlet.MockMvcPrintOnlyOnFailureTestExecutionListener, org.springframework.boot.test.autoconfigure.web.servlet.WebDriverTestExecutionListener, org.springframework.boot.test.autoconfigure.webservices.client.MockWebServiceServerTestExecutionListener, org.springframework.test.context.web.ServletTestExecutionListener, org.springframework.test.context.support.DirtiesContextBeforeModesTestExecutionListener, org.springframework.test.context.event.ApplicationEventsTestExecutionListener, org.springframework.test.context.support.DependencyInjectionTestExecutionListener, org.springframework.test.context.support.DirtiesContextTestExecutionListener, org.springframework.test.context.transaction.TransactionalTestExecutionListener, org.springframework.test.context.jdbc.SqlScriptsTestExecutionListener, org.springframework.test.context.event.EventPublishingTestExecutionListener]
[INFO ] 2021-05-16 20:08:43.904 [main] WebMvcTestContextBootstrapper (174) - Using TestExecutionListeners: [org.springframework.test.context.web.ServletTestExecutionListener@6db70a7b, org.springframework.test.context.support.DirtiesContextBeforeModesTestExecutionListener@fb0f28c, org.springframework.test.context.event.ApplicationEventsTestExecutionListener@77fa6a, org.springframework.boot.test.mock.mockito.MockitoTestExecutionListener@27d8cd88, org.springframework.boot.test.autoconfigure.SpringBootDependencyInjectionTestExecutionListener@7269ffda, org.springframework.test.context.support.DirtiesContextTestExecutionListener@7a454789, org.springframework.test.context.transaction.TransactionalTestExecutionListener@45de4601, org.springframework.test.context.jdbc.SqlScriptsTestExecutionListener@248b77bf, org.springframework.test.context.event.EventPublishingTestExecutionListener@1921dbdb, org.springframework.boot.test.mock.mockito.ResetMocksTestExecutionListener@4908be79, org.springframework.boot.test.autoconfigure.restdocs.RestDocsTestExecutionListener@7e510717, org.springframework.boot.test.autoconfigure.web.client.MockRestServiceServerResetTestExecutionListener@198b1ed, org.springframework.boot.test.autoconfigure.web.servlet.MockMvcPrintOnlyOnFailureTestExecutionListener@16f05d06, org.springframework.boot.test.autoconfigure.web.servlet.WebDriverTestExecutionListener@1a87d2d7, org.springframework.boot.test.autoconfigure.webservices.client.MockWebServiceServerTestExecutionListener@6c18172f]
[DEBUG] 2021-05-16 20:08:44.041 [main] GenericWebApplicationContext (629) - Refreshing org.springframework.web.context.support.GenericWebApplicationContext@50f12877
[INFO ] 2021-05-16 20:08:45.085 [main] ThreadPoolTaskExecutor (181) - Initializing ExecutorService 'applicationTaskExecutor'
[DEBUG] 2021-05-16 20:08:45.101 [main] RequestMappingHandlerAdapter (625) - ControllerAdvice beans: 0 @ModelAttribute, 0 @InitBinder, 1 RequestBodyAdvice, 1 ResponseBodyAdvice
[DEBUG] 2021-05-16 20:08:45.156 [main] RequestMappingHandlerMapping (361) - 7 mappings in 'requestMappingHandlerMapping'
[DEBUG] 2021-05-16 20:08:45.323 [main] SimpleUrlHandlerMapping (188) - Patterns [/webjars/**, /**] in 'resourceHandlerMapping'
[DEBUG] 2021-05-16 20:08:45.374 [main] ExceptionHandlerExceptionResolver (307) - ControllerAdvice beans: 0 @ExceptionHandler, 1 ResponseBodyAdvice
[INFO ] 2021-05-16 20:08:45.652 [main] SpringBootMockServletContext (455) - Initializing Spring TestDispatcherServlet ''
[INFO ] 2021-05-16 20:08:45.653 [main] TestDispatcherServlet (525) - Initializing Servlet ''
[INFO ] 2021-05-16 20:08:45.655 [main] TestDispatcherServlet (547) - Completed initialization in 1 ms
[DEBUG] 2021-05-16 20:08:45.727 [main] RequestMappingHandlerMapping (522) - Mapped to com.SafetyNet.api.controller.FirestationController#showAllFirestations()
[DEBUG] 2021-05-16 20:08:45.734 [main] RequestResponseBodyMethodProcessor (268) - Using 'application/json', given [*/*] and supported [application/json, application/*+json, application/json, application/*+json]
[DEBUG] 2021-05-16 20:08:45.758 [main] RequestResponseBodyMethodProcessor (91) - Writing [[Firestation [address=15 rue colonel dumont , station=10]]]
[DEBUG] 2021-05-16 20:08:45.869 [main] RequestMappingHandlerMapping (522) - Mapped to com.SafetyNet.api.controller.FirestationController#updateFirestation(Firestation, String)
[DEBUG] 2021-05-16 20:08:46.049 [main] RequestResponseBodyMethodProcessor (91) - Read "application/json;charset=UTF-8" to [Firestation [address=15 rue colonel dumont, station=0]]
[DEBUG] 2021-05-16 20:08:46.064 [main] RequestResponseBodyMethodProcessor (268) - Using 'application/json', given [*/*] and supported [application/json, application/*+json, application/json, application/*+json]
[DEBUG] 2021-05-16 20:08:46.069 [main] RequestResponseBodyMethodProcessor (91) - Writing [Firestation [address=15 rue colonel dumont , station=10]]
[DEBUG] 2021-05-16 20:08:46.126 [main] RequestMappingHandlerMapping (522) - Mapped to com.SafetyNet.api.controller.FirestationController#showFirestationById(String)
[DEBUG] 2021-05-16 20:08:46.139 [main] RequestResponseBodyMethodProcessor (268) - Using 'application/json', given [*/*] and supported [application/json, application/*+json, application/json, application/*+json]
[DEBUG] 2021-05-16 20:08:46.141 [main] RequestResponseBodyMethodProcessor (91) - Writing [Firestation [address=15 rue colonel dumont , station=10]]
[DEBUG] 2021-05-16 20:08:46.179 [main] RequestMappingHandlerMapping (522) - Mapped to com.SafetyNet.api.controller.FirestationController#deleteFirestation(String)
[DEBUG] 2021-05-16 20:08:46.186 [main] RequestResponseBodyMethodProcessor (268) - Using 'application/json', given [*/*] and supported [application/json, application/*+json, application/json, application/*+json]
[DEBUG] 2021-05-16 20:08:46.188 [main] RequestResponseBodyMethodProcessor (298) - Nothing to write: null body
[DEBUG] 2021-05-16 20:08:46.236 [main] RequestMappingHandlerMapping (522) - Mapped to com.SafetyNet.api.controller.FirestationController#addFirestation(Firestation)
[DEBUG] 2021-05-16 20:08:46.238 [main] RequestResponseBodyMethodProcessor (91) - Read "application/json;charset=UTF-8" to [Firestation [address=15 rue colonel dumont, station=10]]
[DEBUG] 2021-05-16 20:08:46.241 [main] RequestResponseBodyMethodProcessor (268) - Using 'application/json', given [*/*] and supported [application/json, application/*+json, application/json, application/*+json]
[DEBUG] 2021-05-16 20:08:46.242 [main] RequestResponseBodyMethodProcessor (91) - Writing [[]]
[INFO ] 2021-05-16 20:08:46.289 [main] WebMvcTestContextBootstrapper (305) - Neither @ContextConfiguration nor @ContextHierarchy found for test class [com.SafetyNet.api.controller.MedicalRecordControllerTest], using SpringBootContextLoader
[INFO ] 2021-05-16 20:08:46.297 [main] AbstractContextLoader (264) - Could not detect default resource locations for test class [com.SafetyNet.api.controller.MedicalRecordControllerTest]: no resource found for suffixes {-context.xml, Context.groovy}.
[INFO ] 2021-05-16 20:08:46.298 [main] AnnotationConfigContextLoaderUtils (83) - Could not detect default configuration classes for test class [com.SafetyNet.api.controller.MedicalRecordControllerTest]: MedicalRecordControllerTest does not declare any static, non-private, non-final, nested classes annotated with @Configuration.
[INFO ] 2021-05-16 20:08:46.311 [main] SpringBootTestContextBootstrapper (238) - Found @SpringBootConfiguration com.SafetyNet.api.ApiApplication for test class com.SafetyNet.api.controller.MedicalRecordControllerTest
[INFO ] 2021-05-16 20:08:46.314 [main] WebMvcTestContextBootstrapper (245) - Loaded default TestExecutionListener class names from location [META-INF/spring.factories]: [org.springframework.boot.test.mock.mockito.MockitoTestExecutionListener, org.springframework.boot.test.mock.mockito.ResetMocksTestExecutionListener, org.springframework.boot.test.autoconfigure.restdocs.RestDocsTestExecutionListener, org.springframework.boot.test.autoconfigure.web.client.MockRestServiceServerResetTestExecutionListener, org.springframework.boot.test.autoconfigure.web.servlet.MockMvcPrintOnlyOnFailureTestExecutionListener, org.springframework.boot.test.autoconfigure.web.servlet.WebDriverTestExecutionListener, org.springframework.boot.test.autoconfigure.webservices.client.MockWebServiceServerTestExecutionListener, org.springframework.test.context.web.ServletTestExecutionListener, org.springframework.test.context.support.DirtiesContextBeforeModesTestExecutionListener, org.springframework.test.context.event.ApplicationEventsTestExecutionListener, org.springframework.test.context.support.DependencyInjectionTestExecutionListener, org.springframework.test.context.support.DirtiesContextTestExecutionListener, org.springframework.test.context.transaction.TransactionalTestExecutionListener, org.springframework.test.context.jdbc.SqlScriptsTestExecutionListener, org.springframework.test.context.event.EventPublishingTestExecutionListener]
[INFO ] 2021-05-16 20:08:46.317 [main] WebMvcTestContextBootstrapper (174) - Using TestExecutionListeners: [org.springframework.test.context.web.ServletTestExecutionListener@6352b293, org.springframework.test.context.support.DirtiesContextBeforeModesTestExecutionListener@1cc7e937, org.springframework.test.context.event.ApplicationEventsTestExecutionListener@61abbbe5, org.springframework.boot.test.mock.mockito.MockitoTestExecutionListener@59eca1c2, org.springframework.boot.test.autoconfigure.SpringBootDependencyInjectionTestExecutionListener@2fdc4646, org.springframework.test.context.support.DirtiesContextTestExecutionListener@c718cdb, org.springframework.test.context.transaction.TransactionalTestExecutionListener@30397a23, org.springframework.test.context.jdbc.SqlScriptsTestExecutionListener@ce73f57, org.springframework.test.context.event.EventPublishingTestExecutionListener@4144b6fb, org.springframework.boot.test.mock.mockito.ResetMocksTestExecutionListener@4153ed5c, org.springframework.boot.test.autoconfigure.restdocs.RestDocsTestExecutionListener@3ac07f37, org.springframework.boot.test.autoconfigure.web.client.MockRestServiceServerResetTestExecutionListener@f68f2bf, org.springframework.boot.test.autoconfigure.web.servlet.MockMvcPrintOnlyOnFailureTestExecutionListener@6b7f6ec7, org.springframework.boot.test.autoconfigure.web.servlet.WebDriverTestExecutionListener@351847f9, org.springframework.boot.test.autoconfigure.webservices.client.MockWebServiceServerTestExecutionListener@c98afaa]
[DEBUG] 2021-05-16 20:08:46.860 [main] GenericWebApplicationContext (629) - Refreshing org.springframework.web.context.support.GenericWebApplicationContext@69ab537a
[INFO ] 2021-05-16 20:08:50.064 [main] ThreadPoolTaskExecutor (181) - Initializing ExecutorService 'applicationTaskExecutor'
[DEBUG] 2021-05-16 20:08:50.096 [main] RequestMappingHandlerAdapter (625) - ControllerAdvice beans: 0 @ModelAttribute, 0 @InitBinder, 1 RequestBodyAdvice, 1 ResponseBodyAdvice
[DEBUG] 2021-05-16 20:08:50.216 [main] RequestMappingHandlerMapping (361) - 7 mappings in 'requestMappingHandlerMapping'
[DEBUG] 2021-05-16 20:08:50.622 [main] SimpleUrlHandlerMapping (188) - Patterns [/webjars/**, /**] in 'resourceHandlerMapping'
[DEBUG] 2021-05-16 20:08:50.723 [main] ExceptionHandlerExceptionResolver (307) - ControllerAdvice beans: 0 @ExceptionHandler, 1 ResponseBodyAdvice
[INFO ] 2021-05-16 20:08:51.034 [main] SpringBootMockServletContext (455) - Initializing Spring TestDispatcherServlet ''
[INFO ] 2021-05-16 20:08:51.038 [main] TestDispatcherServlet (525) - Initializing Servlet ''
[INFO ] 2021-05-16 20:08:51.042 [main] TestDispatcherServlet (547) - Completed initialization in 3 ms
[DEBUG] 2021-05-16 20:08:51.142 [main] RequestMappingHandlerMapping (522) - Mapped to com.SafetyNet.api.controller.MedicalRecordController#addMedicalRecord(MedicalRecord)
[DEBUG] 2021-05-16 20:08:51.190 [main] RequestResponseBodyMethodProcessor (91) - Read "application/json;charset=UTF-8" to [MedicalRecords [firstName=ghazi, lastName=bouzazi, birthdate=03/06/1984, medications=[aznol:350mg, h (truncated)...]
[DEBUG] 2021-05-16 20:08:51.193 [main] RequestResponseBodyMethodProcessor (268) - Using 'application/json', given [*/*] and supported [application/json, application/*+json, application/json, application/*+json]
[DEBUG] 2021-05-16 20:08:51.194 [main] RequestResponseBodyMethodProcessor (91) - Writing [[]]
[DEBUG] 2021-05-16 20:08:51.212 [main] RequestMappingHandlerMapping (522) - Mapped to com.SafetyNet.api.controller.MedicalRecordController#updateMedicalRecord(MedicalRecord, String)
[DEBUG] 2021-05-16 20:08:51.214 [main] RequestResponseBodyMethodProcessor (91) - Read "application/json;charset=UTF-8" to [MedicalRecords [firstName=ghazi, lastName=null, birthdate=null, medications=null, allergies=null]]
[DEBUG] 2021-05-16 20:08:51.230 [main] RequestResponseBodyMethodProcessor (268) - Using 'application/json', given [*/*] and supported [application/json, application/*+json, application/json, application/*+json]
[DEBUG] 2021-05-16 20:08:51.232 [main] RequestResponseBodyMethodProcessor (91) - Writing [MedicalRecords [firstName=ghazi, lastName=bouzazi, birthdate=12/27/1994, medications=[a2, q5], aller (truncated)...]
[DEBUG] 2021-05-16 20:08:51.262 [main] RequestMappingHandlerMapping (522) - Mapped to com.SafetyNet.api.controller.MedicalRecordController#showMedicalRecordById(String)
[DEBUG] 2021-05-16 20:08:51.268 [main] RequestResponseBodyMethodProcessor (268) - Using 'application/json', given [*/*] and supported [application/json, application/*+json, application/json, application/*+json]
[DEBUG] 2021-05-16 20:08:51.269 [main] RequestResponseBodyMethodProcessor (91) - Writing [MedicalRecords [firstName=ghazi, lastName=bouzazi, birthdate=12/27/1994, medications=[AAAA, BBBB], a (truncated)...]
[DEBUG] 2021-05-16 20:08:51.306 [main] RequestMappingHandlerMapping (522) - Mapped to com.SafetyNet.api.controller.MedicalRecordController#showAllMedicalRecords()
[DEBUG] 2021-05-16 20:08:51.310 [main] RequestResponseBodyMethodProcessor (268) - Using 'application/json', given [*/*] and supported [application/json, application/*+json, application/json, application/*+json]
[DEBUG] 2021-05-16 20:08:51.311 [main] RequestResponseBodyMethodProcessor (91) - Writing [[MedicalRecords [firstName=ghazi, lastName=bouzazi, birthdate=12/27/1994, medications=[AAAA, BBBB],  (truncated)...]
[DEBUG] 2021-05-16 20:08:51.343 [main] RequestMappingHandlerMapping (522) - Mapped to com.SafetyNet.api.controller.MedicalRecordController#deleteMedicalRecord(String)
[DEBUG] 2021-05-16 20:08:51.350 [main] RequestResponseBodyMethodProcessor (268) - Using 'application/json', given [*/*] and supported [application/json, application/*+json, application/json, application/*+json]
[DEBUG] 2021-05-16 20:08:51.354 [main] RequestResponseBodyMethodProcessor (298) - Nothing to write: null body
[DEBUG] 2021-05-16 20:08:53.768 [main] GenericWebApplicationContext (629) - Refreshing org.springframework.web.context.support.GenericWebApplicationContext@71e5ab1d
[INFO ] 2021-05-16 20:08:55.154 [main] ThreadPoolTaskExecutor (181) - Initializing ExecutorService 'applicationTaskExecutor'
[DEBUG] 2021-05-16 20:08:55.182 [main] RequestMappingHandlerAdapter (625) - ControllerAdvice beans: 0 @ModelAttribute, 0 @InitBinder, 1 RequestBodyAdvice, 1 ResponseBodyAdvice
[DEBUG] 2021-05-16 20:08:55.268 [main] RequestMappingHandlerMapping (361) - 7 mappings in 'requestMappingHandlerMapping'
[DEBUG] 2021-05-16 20:08:55.449 [main] SimpleUrlHandlerMapping (188) - Patterns [/webjars/**, /**] in 'resourceHandlerMapping'
[DEBUG] 2021-05-16 20:08:55.504 [main] ExceptionHandlerExceptionResolver (307) - ControllerAdvice beans: 0 @ExceptionHandler, 1 ResponseBodyAdvice
[INFO ] 2021-05-16 20:08:55.691 [main] SpringBootMockServletContext (455) - Initializing Spring TestDispatcherServlet ''
[INFO ] 2021-05-16 20:08:55.692 [main] TestDispatcherServlet (525) - Initializing Servlet ''
[INFO ] 2021-05-16 20:08:55.699 [main] TestDispatcherServlet (547) - Completed initialization in 7 ms
[DEBUG] 2021-05-16 20:08:55.797 [main] RequestMappingHandlerMapping (522) - Mapped to com.SafetyNet.api.controller.PersonController#showPersonById(String)
[DEBUG] 2021-05-16 20:08:55.810 [main] RequestResponseBodyMethodProcessor (268) - Using 'application/json', given [*/*] and supported [application/json, application/*+json, application/json, application/*+json]
[DEBUG] 2021-05-16 20:08:55.811 [main] RequestResponseBodyMethodProcessor (91) - Writing [Persons [firstName=ghazi, lastName=bouzazi, address=15 rue colonel dumont, city=grenoble, zip=38000, (truncated)...]
[DEBUG] 2021-05-16 20:08:55.837 [main] RequestMappingHandlerMapping (522) - Mapped to com.SafetyNet.api.controller.PersonController#showAllPersons()
[DEBUG] 2021-05-16 20:08:55.841 [main] RequestResponseBodyMethodProcessor (268) - Using 'application/json', given [*/*] and supported [application/json, application/*+json, application/json, application/*+json]
[DEBUG] 2021-05-16 20:08:55.843 [main] RequestResponseBodyMethodProcessor (91) - Writing [[Persons [firstName=ghazi, lastName=bouzazi, address=15 rue colonel dumont, city=grenoble, zip=38000 (truncated)...]
[DEBUG] 2021-05-16 20:08:55.872 [main] RequestMappingHandlerMapping (522) - Mapped to com.SafetyNet.api.controller.PersonController#updatePerson(Person, String)
[DEBUG] 2021-05-16 20:08:55.879 [main] RequestResponseBodyMethodProcessor (91) - Read "application/json;charset=UTF-8" to [Persons [firstName=ZZZZ, lastName=null, address=null, city=null, zip=0, phone=null, email=null]]
[DEBUG] 2021-05-16 20:08:55.885 [main] RequestResponseBodyMethodProcessor (268) - Using 'application/json', given [*/*] and supported [application/json, application/*+json, application/json, application/*+json]
[DEBUG] 2021-05-16 20:08:55.886 [main] RequestResponseBodyMethodProcessor (91) - Writing [Persons [firstName=ghazi, lastName=bouzazi, address=15 rue colonel dumont, city=grenoble, zip=38000, (truncated)...]
[DEBUG] 2021-05-16 20:08:55.908 [main] RequestMappingHandlerMapping (522) - Mapped to com.SafetyNet.api.controller.PersonController#deletePerson(String)
[DEBUG] 2021-05-16 20:08:55.914 [main] RequestResponseBodyMethodProcessor (268) - Using 'application/json', given [*/*] and supported [application/json, application/*+json, application/json, application/*+json]
[DEBUG] 2021-05-16 20:08:55.916 [main] RequestResponseBodyMethodProcessor (91) - Writing [[]]
[DEBUG] 2021-05-16 20:08:55.936 [main] RequestMappingHandlerMapping (522) - Mapped to com.SafetyNet.api.controller.PersonController#addPerson(Person)
[DEBUG] 2021-05-16 20:08:55.938 [main] RequestResponseBodyMethodProcessor (91) - Read "application/json;charset=UTF-8" to [Persons [firstName=ZZZZ, lastName=null, address=null, city=null, zip=0, phone=null, email=null]]
[DEBUG] 2021-05-16 20:08:55.940 [main] RequestResponseBodyMethodProcessor (268) - Using 'application/json', given [*/*] and supported [application/json, application/*+json, application/json, application/*+json]
[DEBUG] 2021-05-16 20:08:55.942 [main] RequestResponseBodyMethodProcessor (91) - Writing [[Persons [firstName=ghazi, lastName=bouzazi, address=15 rue colonel dumont, city=grenoble, zip=38000 (truncated)...]
[DEBUG] 2021-05-16 20:08:58.774 [SpringContextShutdownHook] GenericWebApplicationContext (1049) - Closing org.springframework.web.context.support.GenericWebApplicationContext@fe8cad2, started on Sun May 16 20:08:40 CEST 2021
[DEBUG] 2021-05-16 20:08:58.774 [SpringContextShutdownHook] GenericWebApplicationContext (1049) - Closing org.springframework.web.context.support.GenericWebApplicationContext@50f12877, started on Sun May 16 20:08:44 CEST 2021
[DEBUG] 2021-05-16 20:08:58.774 [SpringContextShutdownHook] GenericWebApplicationContext (1049) - Closing org.springframework.web.context.support.GenericWebApplicationContext@eefc1bf, started on Sun May 16 20:08:29 CEST 2021
[DEBUG] 2021-05-16 20:08:58.774 [SpringContextShutdownHook] GenericWebApplicationContext (1049) - Closing org.springframework.web.context.support.GenericWebApplicationContext@69ab537a, started on Sun May 16 20:08:46 CEST 2021
[DEBUG] 2021-05-16 20:08:58.774 [SpringContextShutdownHook] GenericWebApplicationContext (1049) - Closing org.springframework.web.context.support.GenericWebApplicationContext@71e5ab1d, started on Sun May 16 20:08:53 CEST 2021
[INFO ] 2021-05-16 20:08:59.059 [SpringContextShutdownHook] ThreadPoolTaskExecutor (218) - Shutting down ExecutorService 'applicationTaskExecutor'
[INFO ] 2021-05-16 20:08:59.059 [SpringContextShutdownHook] ThreadPoolTaskExecutor (218) - Shutting down ExecutorService 'applicationTaskExecutor'
[INFO ] 2021-05-16 20:08:59.059 [SpringContextShutdownHook] ThreadPoolTaskExecutor (218) - Shutting down ExecutorService 'applicationTaskExecutor'
[INFO ] 2021-05-16 20:08:59.059 [SpringContextShutdownHook] ThreadPoolTaskExecutor (218) - Shutting down ExecutorService 'applicationTaskExecutor'
[INFO ] 2021-05-16 20:08:59.063 [SpringContextShutdownHook] ThreadPoolTaskExecutor (218) - Shutting down ExecutorService 'applicationTaskExecutor'
[INFO ] 2021-05-16 20:08:59.067 [SpringContextShutdownHook] LocalContainerEntityManagerFactoryBean (651) - Closing JPA EntityManagerFactory for persistence unit 'default'
[INFO ] 2021-05-16 20:08:59.068 [SpringContextShutdownHook] SchemaDropperImpl$DelayedDropActionImpl (526) - HHH000477: Starting delayed evictData of schema as part of SessionFactory shut-down'
[INFO ] 2021-05-16 20:08:59.072 [SpringContextShutdownHook] HikariDataSource (350) - HikariPool-1 - Shutdown initiated...
[INFO ] 2021-05-16 20:08:59.077 [SpringContextShutdownHook] HikariDataSource (352) - HikariPool-1 - Shutdown completed.
